# JRE version: OpenJDK Runtime Environment Temurin-17.0.4.1+1 (17.0.4.1+1) (build 17.0.4.1+1)
# Java VM: OpenJDK 64-Bit Server VM Temurin-17.0.4.1+1 (17.0.4.1+1, mixed mode, sharing, tiered, compressed oops, compressed class ptrs, g1 gc, windows-amd64)
GC Precious Log:
 CPUs: 8 total, 8 available
 Memory: 8078M
 Large Page Support: Disabled
 NUMA Support: Disabled
 Compressed Oops: Enabled (32-bit)
 Heap Region Size: 1M
 Heap Min Capacity: 8M
 Heap Initial Capacity: 128M
 Heap Max Capacity: 2020M
 Pre-touch: Disabled
 Parallel Workers: 8
 Concurrent Workers: 2
 Concurrent Refinement Workers: 8
 Periodic GC: Disabled
Heap:
 garbage-first heap   total 270336K, used 92139K [0x0000000081c00000, 0x0000000100000000)
  region size 1024K, 9 young (9216K), 3 survivors (3072K)
 Metaspace       used 17657K, committed 18048K, reserved 1064960K
  class space    used 1841K, committed 2048K, reserved 1048576K
GC Heap History (20 events):
Event: 39.673 GC heap before
{Heap before GC invocations=8 (full 0):
 garbage-first heap   total 131072K, used 63286K [0x0000000081c00000, 0x0000000100000000)
  region size 1024K, 6 young (6144K), 3 survivors (3072K)
 Metaspace       used 17231K, committed 17536K, reserved 1064960K
  class space    used 1817K, committed 1984K, reserved 1048576K
}
Event: 39.676 GC heap after
{Heap after GC invocations=9 (full 0):
 garbage-first heap   total 131072K, used 61633K [0x0000000081c00000, 0x0000000100000000)
  region size 1024K, 1 young (1024K), 1 survivors (1024K)
 Metaspace       used 17231K, committed 17536K, reserved 1064960K
  class space    used 1817K, committed 1984K, reserved 1048576K
}
Event: 42.171 GC heap before
{Heap before GC invocations=9 (full 0):
 garbage-first heap   total 131072K, used 108737K [0x0000000081c00000, 0x0000000100000000)
  region size 1024K, 47 young (48128K), 1 survivors (1024K)
 Metaspace       used 17445K, committed 17792K, reserved 1064960K
  class space    used 1839K, committed 2048K, reserved 1048576K
}
Event: 42.172 GC heap after
{Heap after GC invocations=10 (full 0):
 garbage-first heap   total 131072K, used 61625K [0x0000000081c00000, 0x0000000100000000)
  region size 1024K, 1 young (1024K), 1 survivors (1024K)
 Metaspace       used 17445K, committed 17792K, reserved 1064960K
  class space    used 1839K, committed 2048K, reserved 1048576K
}
Event: 46.319 GC heap before
{Heap before GC invocations=11 (full 0):
 garbage-first heap   total 131072K, used 104633K [0x0000000081c00000, 0x0000000100000000)
  region size 1024K, 46 young (47104K), 1 survivors (1024K)
 Metaspace       used 17535K, committed 17856K, reserved 1064960K
  class space    used 1841K, committed 2048K, reserved 1048576K
}
Event: 46.320 GC heap after
{Heap after GC invocations=12 (full 0):
 garbage-first heap   total 157696K, used 60790K [0x0000000081c00000, 0x0000000100000000)
  region size 1024K, 1 young (1024K), 1 survivors (1024K)
 Metaspace       used 17535K, committed 17856K, reserved 1064960K
  class space    used 1841K, committed 2048K, reserved 1048576K
}
Event: 46.357 GC heap before
{Heap before GC invocations=12 (full 0):
 garbage-first heap   total 157696K, used 79222K [0x0000000081c00000, 0x0000000100000000)
  region size 1024K, 11 young (11264K), 1 survivors (1024K)
 Metaspace       used 17543K, committed 17856K, reserved 1064960K
  class space    used 1841K, committed 2048K, reserved 1048576K
}
Event: 46.359 GC heap after
{Heap after GC invocations=13 (full 0):
 garbage-first heap   total 157696K, used 63851K [0x0000000081c00000, 0x0000000100000000)
  region size 1024K, 1 young (1024K), 1 survivors (1024K)
 Metaspace       used 17543K, committed 17856K, reserved 1064960K
  class space    used 1841K, committed 2048K, reserved 1048576K
}
Event: 59.866 GC heap before
{Heap before GC invocations=14 (full 0):
 garbage-first heap   total 157696K, used 124267K [0x0000000081c00000, 0x0000000100000000)
  region size 1024K, 56 young (57344K), 1 survivors (1024K)
 Metaspace       used 17629K, committed 18048K, reserved 1064960K
  class space    used 1841K, committed 2048K, reserved 1048576K
}
Event: 59.867 GC heap after
{Heap after GC invocations=15 (full 0):
 garbage-first heap   total 157696K, used 68767K [0x0000000081c00000, 0x0000000100000000)
  region size 1024K, 2 young (2048K), 2 survivors (2048K)
 Metaspace       used 17629K, committed 18048K, reserved 1064960K
  class space    used 1841K, committed 2048K, reserved 1048576K
}
Event: 59.881 GC heap before
{Heap before GC invocations=15 (full 0):
 garbage-first heap   total 157696K, used 73887K [0x0000000081c00000, 0x0000000100000000)
  region size 1024K, 5 young (5120K), 2 survivors (2048K)
 Metaspace       used 17635K, committed 18048K, reserved 1064960K
  class space    used 1841K, committed 2048K, reserved 1048576K
}
Event: 59.882 GC heap after
{Heap after GC invocations=16 (full 0):
 garbage-first heap   total 157696K, used 69023K [0x0000000081c00000, 0x0000000100000000)
  region size 1024K, 2 young (2048K), 2 survivors (2048K)
 Metaspace       used 17635K, committed 18048K, reserved 1064960K
  class space    used 1841K, committed 2048K, reserved 1048576K
}
Event: 59.898 GC heap before
{Heap before GC invocations=16 (full 0):
 garbage-first heap   total 157696K, used 74143K [0x0000000081c00000, 0x0000000100000000)
  region size 1024K, 5 young (5120K), 2 survivors (2048K)
 Metaspace       used 17638K, committed 18048K, reserved 1064960K
  class space    used 1841K, committed 2048K, reserved 1048576K
}
Event: 59.899 GC heap after
{Heap after GC invocations=17 (full 0):
 garbage-first heap   total 157696K, used 69146K [0x0000000081c00000, 0x0000000100000000)
  region size 1024K, 2 young (2048K), 2 survivors (2048K)
 Metaspace       used 17638K, committed 18048K, reserved 1064960K
  class space    used 1841K, committed 2048K, reserved 1048576K
}
Event: 59.909 GC heap before
{Heap before GC invocations=17 (full 0):
 garbage-first heap   total 157696K, used 74266K [0x0000000081c00000, 0x0000000100000000)
  region size 1024K, 5 young (5120K), 2 survivors (2048K)
 Metaspace       used 17638K, committed 18048K, reserved 1064960K
  class space    used 1841K, committed 2048K, reserved 1048576K
}
Event: 59.910 GC heap after
{Heap after GC invocations=18 (full 0):
 garbage-first heap   total 157696K, used 72032K [0x0000000081c00000, 0x0000000100000000)
  region size 1024K, 2 young (2048K), 2 survivors (2048K)
 Metaspace       used 17638K, committed 18048K, reserved 1064960K
  class space    used 1841K, committed 2048K, reserved 1048576K
}
Event: 59.978 GC heap before
{Heap before GC invocations=18 (full 0):
 garbage-first heap   total 157696K, used 95584K [0x0000000081c00000, 0x0000000100000000)
  region size 1024K, 24 young (24576K), 2 survivors (2048K)
 Metaspace       used 17649K, committed 18048K, reserved 1064960K
  class space    used 1841K, committed 2048K, reserved 1048576K
}
Event: 59.980 GC heap after
{Heap after GC invocations=19 (full 0):
 garbage-first heap   total 270336K, used 71343K [0x0000000081c00000, 0x0000000100000000)
  region size 1024K, 2 young (2048K), 2 survivors (2048K)
 Metaspace       used 17649K, committed 18048K, reserved 1064960K
  class space    used 1841K, committed 2048K, reserved 1048576K
}
Event: 75.125 GC heap before
{Heap before GC invocations=19 (full 0):
 garbage-first heap   total 270336K, used 263855K [0x0000000081c00000, 0x0000000100000000)
  region size 1024K, 148 young (151552K), 2 survivors (2048K)
 Metaspace       used 17657K, committed 18048K, reserved 1064960K
  class space    used 1841K, committed 2048K, reserved 1048576K
}
Event: 75.128 GC heap after
{Heap after GC invocations=20 (full 0):
 garbage-first heap   total 270336K, used 87019K [0x0000000081c00000, 0x0000000100000000)
  region size 1024K, 3 young (3072K), 3 survivors (3072K)
 Metaspace       used 17657K, committed 18048K, reserved 1064960K
  class space    used 1841K, committed 2048K, reserved 1048576K
}

